2023-06-13 16:25:03 DEBUG TelegramBot:26 - heloo 1
2023-06-14 10:01:55 DEBUG TelegramBot:26 - hello
2023-06-14 12:00:29 DEBUG TelegramBot:29 - Message(messageId=28, from=User(id=392940434, firstName=Serega, isBot=false, lastName=null, userName=SergioUkrainian, languageCode=uk, canJoinGroups=null, canReadAllGroupMessages=null, supportInlineQueries=null), date=1686733229, chat=Chat(id=392940434, type=private, title=null, firstName=Serega, lastName=null, userName=SergioUkrainian, photo=null, description=null, inviteLink=null, pinnedMessage=null, stickerSetName=null, canSetStickerSet=null, permissions=null, slowModeDelay=null, bio=null, linkedChatId=null, location=null, messageAutoDeleteTime=null, hasPrivateForwards=null, HasProtectedContent=null), forwardFrom=null, forwardFromChat=null, forwardDate=null, text=hi, entities=null, captionEntities=null, audio=null, document=null, photo=null, sticker=null, video=null, contact=null, location=null, venue=null, animation=null, pinnedMessage=null, newChatMembers=[], leftChatMember=null, newChatTitle=null, newChatPhoto=null, deleteChatPhoto=null, groupchatCreated=null, replyToMessage=null, voice=null, caption=null, superGroupCreated=null, channelChatCreated=null, migrateToChatId=null, migrateFromChatId=null, editDate=null, game=null, forwardFromMessageId=null, invoice=null, successfulPayment=null, videoNote=null, authorSignature=null, forwardSignature=null, mediaGroupId=null, connectedWebsite=null, passportData=null, forwardSenderName=null, poll=null, replyMarkup=null, dice=null, viaBot=null, senderChat=null, proximityAlertTriggered=null, messageAutoDeleteTimerChanged=null, isAutomaticForward=null, hasProtectedContent=null, webAppData=null, videoChatStarted=null, videoChatEnded=null, videoChatParticipantsInvited=null, videoChatScheduled=null)
2023-06-14 12:00:29 DEBUG TelegramBot:30 - 392940434
2023-06-14 12:00:29 DEBUG TelegramBot:31 - Serega
2023-06-14 12:08:38 DEBUG TelegramBot:31 - hi
2023-06-14 12:08:38 DEBUG TelegramBot:32 - 392940434
2023-06-14 12:08:38 DEBUG TelegramBot:33 - Serega
2023-06-14 12:08:39 ERROR TelegramBot:53 - Error sending message: [400] Bad Request: chat not found
2023-06-14 12:09:16 DEBUG TelegramBot:31 - hi
2023-06-14 12:09:16 DEBUG TelegramBot:32 - 392940434
2023-06-14 12:09:16 DEBUG TelegramBot:33 - Serega
2023-06-14 12:09:16 ERROR TelegramBot:53 - Error sending message: [400] Bad Request: chat not found
2023-06-14 12:11:10 DEBUG TelegramBot:31 - hi
2023-06-14 12:11:10 DEBUG TelegramBot:32 - 392940434
2023-06-14 12:11:10 DEBUG TelegramBot:33 - Serega
2023-06-14 12:11:10 ERROR TelegramBot:52 - Error sending message: [400] Bad Request: chat not found
2023-06-14 12:12:23 DEBUG TelegramBot:31 - hi
2023-06-14 12:12:23 DEBUG TelegramBot:32 - 392940434
2023-06-14 12:12:23 DEBUG TelegramBot:33 - Serega
2023-06-19 09:44:54 DEBUG TelegramBot:31 - hi
2023-06-19 09:44:54 DEBUG TelegramBot:32 - 392940434
2023-06-19 09:44:54 DEBUG TelegramBot:33 - Serega
2023-06-19 09:51:42 DEBUG TelegramBot:31 - kok
2023-06-19 09:51:42 DEBUG TelegramBot:32 - 392940434
2023-06-19 09:51:42 DEBUG TelegramBot:33 - Serega
2023-06-19 11:12:46 DEBUG UpdateProducerServiceImpl:15 - hello
2023-06-19 11:16:55 DEBUG UpdateProducerServiceImpl:15 - dsad
2023-06-19 11:20:34 DEBUG UpdateProducerServiceImpl:15 - hi
2023-06-19 11:22:24 DEBUG UpdateProducerServiceImpl:15 - hi
2023-06-19 11:32:21 DEBUG UpdateProducerServiceImpl:15 - hi
2023-06-19 11:32:48 DEBUG UpdateProducerServiceImpl:15 - hi
2023-06-19 11:35:39 DEBUG UpdateProducerServiceImpl:15 - hi
2023-06-19 11:39:13 ERROR UpdateController:35 - Received unsupported massage type Update(updateId=486723615, message=Message(messageId=54, from=User(id=392940434, firstName=Serega, isBot=false, lastName=null, userName=SergioUkrainian, languageCode=uk, canJoinGroups=null, canReadAllGroupMessages=null, supportInlineQueries=null, isPremium=null, addedToAttachmentMenu=null), date=1687163953, chat=Chat(id=392940434, type=private, title=null, firstName=Serega, lastName=null, userName=SergioUkrainian, photo=null, description=null, inviteLink=null, pinnedMessage=null, stickerSetName=null, canSetStickerSet=null, permissions=null, slowModeDelay=null, bio=null, linkedChatId=null, location=null, messageAutoDeleteTime=null, hasPrivateForwards=null, HasProtectedContent=null, joinToSendMessages=null, joinByRequest=null), forwardFrom=null, forwardFromChat=null, forwardDate=null, text=null, entities=null, captionEntities=null, audio=null, document=null, photo=[PhotoSize(fileId=AgACAgIAAxkBAAM2ZJAUMRqnZrXaiZwDGwa-QnUENHcAArbHMRtdU4BILrORaEyz8CQBAAMCAANzAAMvBA, fileUniqueId=AQADtscxG11TgEh4, width=67, height=90, fileSize=1731, filePath=null), PhotoSize(fileId=AgACAgIAAxkBAAM2ZJAUMRqnZrXaiZwDGwa-QnUENHcAArbHMRtdU4BILrORaEyz8CQBAAMCAANtAAMvBA, fileUniqueId=AQADtscxG11TgEhy, width=240, height=320, fileSize=20581, filePath=null), PhotoSize(fileId=AgACAgIAAxkBAAM2ZJAUMRqnZrXaiZwDGwa-QnUENHcAArbHMRtdU4BILrORaEyz8CQBAAMCAAN4AAMvBA, fileUniqueId=AQADtscxG11TgEh9, width=600, height=800, fileSize=84798, filePath=null), PhotoSize(fileId=AgACAgIAAxkBAAM2ZJAUMRqnZrXaiZwDGwa-QnUENHcAArbHMRtdU4BILrORaEyz8CQBAAMCAAN5AAMvBA, fileUniqueId=AQADtscxG11TgEh-, width=960, height=1280, fileSize=111549, filePath=null)], sticker=null, video=null, contact=null, location=null, venue=null, animation=null, pinnedMessage=null, newChatMembers=[], leftChatMember=null, newChatTitle=null, newChatPhoto=null, deleteChatPhoto=null, groupchatCreated=null, replyToMessage=null, voice=null, caption=null, superGroupCreated=null, channelChatCreated=null, migrateToChatId=null, migrateFromChatId=null, editDate=null, game=null, forwardFromMessageId=null, invoice=null, successfulPayment=null, videoNote=null, authorSignature=null, forwardSignature=null, mediaGroupId=null, connectedWebsite=null, passportData=null, forwardSenderName=null, poll=null, replyMarkup=null, dice=null, viaBot=null, senderChat=null, proximityAlertTriggered=null, messageAutoDeleteTimerChanged=null, isAutomaticForward=null, hasProtectedContent=null, webAppData=null, videoChatStarted=null, videoChatEnded=null, videoChatParticipantsInvited=null, videoChatScheduled=null), inlineQuery=null, chosenInlineQuery=null, callbackQuery=null, editedMessage=null, channelPost=null, editedChannelPost=null, shippingQuery=null, preCheckoutQuery=null, poll=null, pollAnswer=null, myChatMember=null, chatMember=null, chatJoinRequest=null)
2023-06-19 11:39:36 ERROR UpdateController:35 - Received unsupported massage type Update(updateId=486723616, message=Message(messageId=55, from=User(id=392940434, firstName=Serega, isBot=false, lastName=null, userName=SergioUkrainian, languageCode=uk, canJoinGroups=null, canReadAllGroupMessages=null, supportInlineQueries=null, isPremium=null, addedToAttachmentMenu=null), date=1687163976, chat=Chat(id=392940434, type=private, title=null, firstName=Serega, lastName=null, userName=SergioUkrainian, photo=null, description=null, inviteLink=null, pinnedMessage=null, stickerSetName=null, canSetStickerSet=null, permissions=null, slowModeDelay=null, bio=null, linkedChatId=null, location=null, messageAutoDeleteTime=null, hasPrivateForwards=null, HasProtectedContent=null, joinToSendMessages=null, joinByRequest=null), forwardFrom=null, forwardFromChat=null, forwardDate=null, text=null, entities=null, captionEntities=null, audio=null, document=Document(fileId=BQACAgIAAxkBAAM3ZJAUSO4fVJ1AR_N-pOwCxBvHkyoAApcvAAJdU4BIUUJ-z10w6OMvBA, fileUniqueId=AgADly8AAl1TgEg, thumb=PhotoSize(fileId=AAMCAgADGQEAAzdkkBRI7h9UnUBH836k7ALEG8eTKgACly8AAl1TgEhRQn7PXTDo4wEAB20AAy8E, fileUniqueId=AQADly8AAl1TgEhy, width=240, height=320, fileSize=18195, filePath=null), fileName=photo_2023-06-19_11-38-29.jpg, mimeType=image/jpeg, fileSize=111549), photo=null, sticker=null, video=null, contact=null, location=null, venue=null, animation=null, pinnedMessage=null, newChatMembers=[], leftChatMember=null, newChatTitle=null, newChatPhoto=null, deleteChatPhoto=null, groupchatCreated=null, replyToMessage=null, voice=null, caption=null, superGroupCreated=null, channelChatCreated=null, migrateToChatId=null, migrateFromChatId=null, editDate=null, game=null, forwardFromMessageId=null, invoice=null, successfulPayment=null, videoNote=null, authorSignature=null, forwardSignature=null, mediaGroupId=null, connectedWebsite=null, passportData=null, forwardSenderName=null, poll=null, replyMarkup=null, dice=null, viaBot=null, senderChat=null, proximityAlertTriggered=null, messageAutoDeleteTimerChanged=null, isAutomaticForward=null, hasProtectedContent=null, webAppData=null, videoChatStarted=null, videoChatEnded=null, videoChatParticipantsInvited=null, videoChatScheduled=null), inlineQuery=null, chosenInlineQuery=null, callbackQuery=null, editedMessage=null, channelPost=null, editedChannelPost=null, shippingQuery=null, preCheckoutQuery=null, poll=null, pollAnswer=null, myChatMember=null, chatMember=null, chatJoinRequest=null)
2023-06-19 11:41:38 ERROR UpdateController:35 - Received unsupported massage type Update(updateId=486723617, message=Message(messageId=56, from=User(id=392940434, firstName=Serega, isBot=false, lastName=null, userName=SergioUkrainian, languageCode=uk, canJoinGroups=null, canReadAllGroupMessages=null, supportInlineQueries=null, isPremium=null, addedToAttachmentMenu=null), date=1687164098, chat=Chat(id=392940434, type=private, title=null, firstName=Serega, lastName=null, userName=SergioUkrainian, photo=null, description=null, inviteLink=null, pinnedMessage=null, stickerSetName=null, canSetStickerSet=null, permissions=null, slowModeDelay=null, bio=null, linkedChatId=null, location=null, messageAutoDeleteTime=null, hasPrivateForwards=null, HasProtectedContent=null, joinToSendMessages=null, joinByRequest=null), forwardFrom=null, forwardFromChat=null, forwardDate=null, text=null, entities=null, captionEntities=null, audio=null, document=null, photo=[PhotoSize(fileId=AgACAgIAAxkBAAM4ZJAUwldVY9ij9lvJ2qdjfN-m79MAArbHMRtdU4BILrORaEyz8CQBAAMCAANzAAMvBA, fileUniqueId=AQADtscxG11TgEh4, width=67, height=90, fileSize=1731, filePath=null), PhotoSize(fileId=AgACAgIAAxkBAAM4ZJAUwldVY9ij9lvJ2qdjfN-m79MAArbHMRtdU4BILrORaEyz8CQBAAMCAANtAAMvBA, fileUniqueId=AQADtscxG11TgEhy, width=240, height=320, fileSize=20581, filePath=null), PhotoSize(fileId=AgACAgIAAxkBAAM4ZJAUwldVY9ij9lvJ2qdjfN-m79MAArbHMRtdU4BILrORaEyz8CQBAAMCAAN4AAMvBA, fileUniqueId=AQADtscxG11TgEh9, width=600, height=800, fileSize=84798, filePath=null), PhotoSize(fileId=AgACAgIAAxkBAAM4ZJAUwldVY9ij9lvJ2qdjfN-m79MAArbHMRtdU4BILrORaEyz8CQBAAMCAAN5AAMvBA, fileUniqueId=AQADtscxG11TgEh-, width=960, height=1280, fileSize=111549, filePath=null)], sticker=null, video=null, contact=null, location=null, venue=null, animation=null, pinnedMessage=null, newChatMembers=[], leftChatMember=null, newChatTitle=null, newChatPhoto=null, deleteChatPhoto=null, groupchatCreated=null, replyToMessage=null, voice=null, caption=ee, superGroupCreated=null, channelChatCreated=null, migrateToChatId=null, migrateFromChatId=null, editDate=null, game=null, forwardFromMessageId=null, invoice=null, successfulPayment=null, videoNote=null, authorSignature=null, forwardSignature=null, mediaGroupId=null, connectedWebsite=null, passportData=null, forwardSenderName=null, poll=null, replyMarkup=null, dice=null, viaBot=null, senderChat=null, proximityAlertTriggered=null, messageAutoDeleteTimerChanged=null, isAutomaticForward=null, hasProtectedContent=null, webAppData=null, videoChatStarted=null, videoChatEnded=null, videoChatParticipantsInvited=null, videoChatScheduled=null), inlineQuery=null, chosenInlineQuery=null, callbackQuery=null, editedMessage=null, channelPost=null, editedChannelPost=null, shippingQuery=null, preCheckoutQuery=null, poll=null, pollAnswer=null, myChatMember=null, chatMember=null, chatJoinRequest=null)
2023-06-19 11:42:12 ERROR UpdateController:35 - Received unsupported massage type Update(updateId=486723618, message=Message(messageId=57, from=User(id=392940434, firstName=Serega, isBot=false, lastName=null, userName=SergioUkrainian, languageCode=uk, canJoinGroups=null, canReadAllGroupMessages=null, supportInlineQueries=null, isPremium=null, addedToAttachmentMenu=null), date=1687164132, chat=Chat(id=392940434, type=private, title=null, firstName=Serega, lastName=null, userName=SergioUkrainian, photo=null, description=null, inviteLink=null, pinnedMessage=null, stickerSetName=null, canSetStickerSet=null, permissions=null, slowModeDelay=null, bio=null, linkedChatId=null, location=null, messageAutoDeleteTime=null, hasPrivateForwards=null, HasProtectedContent=null, joinToSendMessages=null, joinByRequest=null), forwardFrom=null, forwardFromChat=null, forwardDate=null, text=null, entities=null, captionEntities=null, audio=null, document=Document(fileId=BQACAgIAAxkBAAM5ZJAU5Bx9voGRq6Q5I-quvDpw1TsAAp8vAAJdU4BI6r5ExTdf_B8vBA, fileUniqueId=AgADny8AAl1TgEg, thumb=PhotoSize(fileId=AAMCAgADGQEAAzlkkBTkHH2-gZGrpDkj6q68OnDVOwACny8AAl1TgEjqvkTFN1_8HwEAB20AAy8E, fileUniqueId=AQADny8AAl1TgEhy, width=240, height=320, fileSize=18195, filePath=null), fileName=photo_2023-06-19_11-38-29.jpg, mimeType=image/jpeg, fileSize=111549), photo=null, sticker=null, video=null, contact=null, location=null, venue=null, animation=null, pinnedMessage=null, newChatMembers=[], leftChatMember=null, newChatTitle=null, newChatPhoto=null, deleteChatPhoto=null, groupchatCreated=null, replyToMessage=null, voice=null, caption=dd, superGroupCreated=null, channelChatCreated=null, migrateToChatId=null, migrateFromChatId=null, editDate=null, game=null, forwardFromMessageId=null, invoice=null, successfulPayment=null, videoNote=null, authorSignature=null, forwardSignature=null, mediaGroupId=null, connectedWebsite=null, passportData=null, forwardSenderName=null, poll=null, replyMarkup=null, dice=null, viaBot=null, senderChat=null, proximityAlertTriggered=null, messageAutoDeleteTimerChanged=null, isAutomaticForward=null, hasProtectedContent=null, webAppData=null, videoChatStarted=null, videoChatEnded=null, videoChatParticipantsInvited=null, videoChatScheduled=null), inlineQuery=null, chosenInlineQuery=null, callbackQuery=null, editedMessage=null, channelPost=null, editedChannelPost=null, shippingQuery=null, preCheckoutQuery=null, poll=null, pollAnswer=null, myChatMember=null, chatMember=null, chatJoinRequest=null)
2023-06-19 11:44:18 DEBUG UpdateProducerServiceImpl:15 - 
2023-06-19 11:44:28 DEBUG UpdateProducerServiceImpl:15 - 
2023-06-19 13:00:37 DEBUG UpdateProducerServiceImpl:19 - hi
2023-06-19 13:01:50 DEBUG UpdateProducerServiceImpl:19 - e
2023-06-19 13:18:38 DEBUG UpdateProducerServiceImpl:19 - hi
2023-06-19 14:10:51 DEBUG UpdateProducerServiceImpl:19 - heloo
2023-06-19 14:15:25 DEBUG UpdateProducerServiceImpl:19 - hi
2023-06-19 14:17:08 DEBUG UpdateProducerServiceImpl:19 - rqew
2023-06-19 14:17:53 DEBUG UpdateProducerServiceImpl:19 - da
2023-06-19 14:20:15 DEBUG UpdateProducerServiceImpl:19 - fd
2023-06-19 14:23:28 DEBUG UpdateProducerServiceImpl:19 - hi
2023-06-19 14:28:33 DEBUG UpdateProducerServiceImpl:19 - grllo aa
2023-06-19 14:29:27 DEBUG UpdateProducerServiceImpl:19 - fdsf
2023-06-19 14:32:36 DEBUG UpdateProducerServiceImpl:19 - dasd
2023-06-19 14:35:38 DEBUG UpdateProducerServiceImpl:19 - das
2023-06-19 15:33:33 DEBUG UpdateProducerServiceImpl:19 - heloo
2023-06-19 16:24:10 DEBUG UpdateProducerServiceImpl:19 - hi
2023-06-19 16:28:07 DEBUG UpdateProducerServiceImpl:19 - hello
2023-06-20 11:40:18 DEBUG UpdateProducerServiceImpl:19 - Тест 18.32
2023-06-20 11:41:35 ERROR UpdateController:33 - Received unsupported massage type Update(updateId=486723638, message=null, inlineQuery=null, chosenInlineQuery=null, callbackQuery=null, editedMessage=null, channelPost=null, editedChannelPost=null, shippingQuery=null, preCheckoutQuery=null, poll=null, pollAnswer=null, myChatMember=ChatMemberUpdated(chat=Chat(id=392940434, type=private, title=null, firstName=Serega, lastName=null, userName=SergioUkrainian, photo=null, description=null, inviteLink=null, pinnedMessage=null, stickerSetName=null, canSetStickerSet=null, permissions=null, slowModeDelay=null, bio=null, linkedChatId=null, location=null, messageAutoDeleteTime=null, hasPrivateForwards=null, HasProtectedContent=null, joinToSendMessages=null, joinByRequest=null), from=User(id=392940434, firstName=Serega, isBot=false, lastName=null, userName=SergioUkrainian, languageCode=ru, canJoinGroups=null, canReadAllGroupMessages=null, supportInlineQueries=null, isPremium=null, addedToAttachmentMenu=null), date=1687250495, oldChatMember=ChatMemberMember(status=member, user=User(id=6019516263, firstName=SegoTeg, isBot=true, lastName=null, userName=sego_teg_bot, languageCode=null, canJoinGroups=null, canReadAllGroupMessages=null, supportInlineQueries=null, isPremium=null, addedToAttachmentMenu=null)), newChatMember=ChatMemberBanned(status=kicked, user=User(id=6019516263, firstName=SegoTeg, isBot=true, lastName=null, userName=sego_teg_bot, languageCode=null, canJoinGroups=null, canReadAllGroupMessages=null, supportInlineQueries=null, isPremium=null, addedToAttachmentMenu=null), untilDate=0), inviteLink=null), chatMember=null, chatJoinRequest=null)
2023-06-20 11:41:40 ERROR UpdateController:33 - Received unsupported massage type Update(updateId=486723639, message=null, inlineQuery=null, chosenInlineQuery=null, callbackQuery=null, editedMessage=null, channelPost=null, editedChannelPost=null, shippingQuery=null, preCheckoutQuery=null, poll=null, pollAnswer=null, myChatMember=ChatMemberUpdated(chat=Chat(id=392940434, type=private, title=null, firstName=Serega, lastName=null, userName=SergioUkrainian, photo=null, description=null, inviteLink=null, pinnedMessage=null, stickerSetName=null, canSetStickerSet=null, permissions=null, slowModeDelay=null, bio=null, linkedChatId=null, location=null, messageAutoDeleteTime=null, hasPrivateForwards=null, HasProtectedContent=null, joinToSendMessages=null, joinByRequest=null), from=User(id=392940434, firstName=Serega, isBot=false, lastName=null, userName=SergioUkrainian, languageCode=uk, canJoinGroups=null, canReadAllGroupMessages=null, supportInlineQueries=null, isPremium=null, addedToAttachmentMenu=null), date=1687250500, oldChatMember=ChatMemberBanned(status=kicked, user=User(id=6019516263, firstName=SegoTeg, isBot=true, lastName=null, userName=sego_teg_bot, languageCode=null, canJoinGroups=null, canReadAllGroupMessages=null, supportInlineQueries=null, isPremium=null, addedToAttachmentMenu=null), untilDate=0), newChatMember=ChatMemberMember(status=member, user=User(id=6019516263, firstName=SegoTeg, isBot=true, lastName=null, userName=sego_teg_bot, languageCode=null, canJoinGroups=null, canReadAllGroupMessages=null, supportInlineQueries=null, isPremium=null, addedToAttachmentMenu=null)), inviteLink=null), chatMember=null, chatJoinRequest=null)
2023-06-20 11:41:41 DEBUG UpdateProducerServiceImpl:19 - /start
2023-06-20 11:42:44 ERROR UpdateController:33 - Received unsupported massage type Update(updateId=486723641, message=null, inlineQuery=null, chosenInlineQuery=null, callbackQuery=null, editedMessage=null, channelPost=null, editedChannelPost=null, shippingQuery=null, preCheckoutQuery=null, poll=null, pollAnswer=null, myChatMember=ChatMemberUpdated(chat=Chat(id=392940434, type=private, title=null, firstName=Serega, lastName=null, userName=SergioUkrainian, photo=null, description=null, inviteLink=null, pinnedMessage=null, stickerSetName=null, canSetStickerSet=null, permissions=null, slowModeDelay=null, bio=null, linkedChatId=null, location=null, messageAutoDeleteTime=null, hasPrivateForwards=null, HasProtectedContent=null, joinToSendMessages=null, joinByRequest=null), from=User(id=392940434, firstName=Serega, isBot=false, lastName=null, userName=SergioUkrainian, languageCode=uk, canJoinGroups=null, canReadAllGroupMessages=null, supportInlineQueries=null, isPremium=null, addedToAttachmentMenu=null), date=1687250564, oldChatMember=ChatMemberMember(status=member, user=User(id=6019516263, firstName=SegoTeg, isBot=true, lastName=null, userName=sego_teg_bot, languageCode=null, canJoinGroups=null, canReadAllGroupMessages=null, supportInlineQueries=null, isPremium=null, addedToAttachmentMenu=null)), newChatMember=ChatMemberBanned(status=kicked, user=User(id=6019516263, firstName=SegoTeg, isBot=true, lastName=null, userName=sego_teg_bot, languageCode=null, canJoinGroups=null, canReadAllGroupMessages=null, supportInlineQueries=null, isPremium=null, addedToAttachmentMenu=null), untilDate=0), inviteLink=null), chatMember=null, chatJoinRequest=null)
2023-06-20 11:42:45 ERROR UpdateController:33 - Received unsupported massage type Update(updateId=486723642, message=null, inlineQuery=null, chosenInlineQuery=null, callbackQuery=null, editedMessage=null, channelPost=null, editedChannelPost=null, shippingQuery=null, preCheckoutQuery=null, poll=null, pollAnswer=null, myChatMember=ChatMemberUpdated(chat=Chat(id=392940434, type=private, title=null, firstName=Serega, lastName=null, userName=SergioUkrainian, photo=null, description=null, inviteLink=null, pinnedMessage=null, stickerSetName=null, canSetStickerSet=null, permissions=null, slowModeDelay=null, bio=null, linkedChatId=null, location=null, messageAutoDeleteTime=null, hasPrivateForwards=null, HasProtectedContent=null, joinToSendMessages=null, joinByRequest=null), from=User(id=392940434, firstName=Serega, isBot=false, lastName=null, userName=SergioUkrainian, languageCode=uk, canJoinGroups=null, canReadAllGroupMessages=null, supportInlineQueries=null, isPremium=null, addedToAttachmentMenu=null), date=1687250565, oldChatMember=ChatMemberBanned(status=kicked, user=User(id=6019516263, firstName=SegoTeg, isBot=true, lastName=null, userName=sego_teg_bot, languageCode=null, canJoinGroups=null, canReadAllGroupMessages=null, supportInlineQueries=null, isPremium=null, addedToAttachmentMenu=null), untilDate=0), newChatMember=ChatMemberMember(status=member, user=User(id=6019516263, firstName=SegoTeg, isBot=true, lastName=null, userName=sego_teg_bot, languageCode=null, canJoinGroups=null, canReadAllGroupMessages=null, supportInlineQueries=null, isPremium=null, addedToAttachmentMenu=null)), inviteLink=null), chatMember=null, chatJoinRequest=null)
2023-06-20 11:42:46 DEBUG UpdateProducerServiceImpl:19 - /start
2023-06-20 11:42:48 DEBUG UpdateProducerServiceImpl:19 - /help
2023-06-20 11:44:05 DEBUG UpdateProducerServiceImpl:19 - /registration
2023-06-20 11:44:07 DEBUG UpdateProducerServiceImpl:19 - /cancel
2023-06-20 11:44:15 DEBUG UpdateProducerServiceImpl:19 - /get_photo
2023-06-20 11:44:47 DEBUG UpdateProducerServiceImpl:19 - 
2023-06-20 11:46:00 DEBUG UpdateProducerServiceImpl:19 - 
2023-06-20 11:49:12 DEBUG UpdateProducerServiceImpl:19 - 
2023-06-20 11:52:18 DEBUG UpdateProducerServiceImpl:19 - 
2023-06-20 11:53:09 DEBUG UpdateProducerServiceImpl:19 - 
2023-06-20 11:53:44 DEBUG UpdateProducerServiceImpl:19 - 
2023-06-20 11:54:38 DEBUG UpdateProducerServiceImpl:19 - 
2023-06-20 11:57:17 DEBUG UpdateProducerServiceImpl:19 - 
2023-06-20 11:58:10 DEBUG UpdateProducerServiceImpl:19 - 
2023-06-20 11:59:10 DEBUG UpdateProducerServiceImpl:19 - 
2023-06-20 11:59:19 DEBUG UpdateProducerServiceImpl:19 - 
2023-06-20 12:03:54 DEBUG UpdateProducerServiceImpl:19 - 
2023-06-20 12:05:51 DEBUG UpdateProducerServiceImpl:19 - 
2023-06-20 12:05:59 DEBUG UpdateProducerServiceImpl:19 - 
